06-08	课堂提问	1	计母士	708103909575	合格
06-08	课堂提问	9	杨喊约	778758756317	合格
06-08	课堂提问	15	昌压	168905267499	合格
06-08	课堂提问	10	邵夫花	730670315407	合格
06-08	上课考勤	19	酆完	280585666517	合格
06-08	上课考勤	19	酆完	280585666517	合格
06-08	上课考勤	19	酆完	280585666517	合格
06-08	上课考勤	18	郝取	569163390173	合格
06-08	上课考勤	17	冯一	496458499121	合格
06-08	上课考勤	16	戴什	245204363252	合格
06-08	上课考勤	15	昌压	168905267499	合格
06-08	上课考勤	14	余恐蒙	464998120912	合格
06-08	上课考勤	13	尤皮	131569197325	合格
06-08	上课考勤	12	元罗	189254075309	合格
06-08	上课考勤	11	祝呀	017849139295	合格
06-08	上课考勤	10	邵夫花	730670315407	合格
06-08	上课考勤	9	杨喊约	778758756317	合格
06-08	上课考勤	8	窦真	104261709702	合格
06-08	上课考勤	7	曹酒穿	948959880054	合格
06-08	上课考勤	6	穆巨著	125709077242	合格
06-08	上课考勤	5	滕塞	633207669223	合格
06-08	上课考勤	4	穆便勒	549431063775	合格
06-08	上课考勤	3	项需	393394295894	合格
06-08	上课考勤	2	唐跟运	379498375928	合格
06-08	上课考勤	1	计母士	708103909575	合格
06-08	课堂提问	4	穆便勒	549431063775	合格
06-08	课堂提问	13	尤皮	131569197325	优秀
06-08	课堂提问	11	祝呀	017849139295	没来
06-08	课堂提问	6	穆巨著	125709077242	没来
06-08	课堂提问	7	曹酒穿	948959880054	合格
06-08	课堂提问	6	穆巨著	125709077242	没来
06-08	课堂提问	16	戴什	245204363252	合格
06-08	课堂提问	14	余恐蒙	464998120912	合格
06-08	课堂提问	7	曹酒穿	948959880054	合格
06-08	课堂提问	3	项需	393394295894	合格
06-08	课堂提问	18	郝取	569163390173	合格
06-08	课堂提问	15	昌压	168905267499	合格

06-08	课堂提问	1	计母士	708103909575	合格
06-08	课堂提问	11	祝呀	017849139295	合格
06-08	课堂提问	19	酆完	280585666517	合格
06-08	课堂提问	14	余恐蒙	464998120912	优秀
06-08	课堂提问	16	戴什	245204363252	优秀
06-08	课堂提问	3	项需	393394295894	没来
06-08	课堂提问	9	杨喊约	778758756317	没来
06-08	课堂提问	10	邵夫花	730670315407	没来
06-08	课堂提问	5	滕塞	633207669223	合格
06-08	课堂提问	17	冯一	496458499121	合格
06-08	课堂提问	2	唐跟运	379498375928	合格
06-08	课堂提问	13	尤皮	131569197325	合格
06-08	课堂提问	4	穆便勒	549431063775	合格

06-08	课堂提问	8	窦真	104261709702	没来
06-08	课堂提问	13	尤皮	131569197325	没来
06-08	课堂提问	14	余恐蒙	464998120912	没来
06-08	课堂提问	7	曹酒穿	948959880054	没来
06-08	课堂提问	17	冯一	496458499121	没来
06-08	课堂提问	16	戴什	245204363252	没来
06-08	课堂提问	6	穆巨著	125709077242	没来
06-08	课堂提问	19	酆完	280585666517	没来
06-08	课堂提问	19	酆完	280585666517	没来
06-08	课堂提问	2	唐跟运	379498375928	没来
06-08	课堂提问	18	郝取	569163390173	没来
06-08	课堂提问	4	穆便勒	549431063775	没来
06-08	课堂提问	5	滕塞	633207669223	没来
06-08	课堂提问	12	元罗	189254075309	没来
06-08	课堂提问	11	祝呀	017849139295	没来
06-08	课堂提问	3	项需	393394295894	没来
06-08	上课考勤	1	计母士	708103909575	合格
06-08	上课考勤	2	唐跟运	379498375928	合格
06-08	上课考勤	3	项需	393394295894	合格
06-08	上课考勤	4	穆便勒	549431063775	合格
06-08	上课考勤	5	滕塞	633207669223	合格
06-08	上课考勤	6	穆巨著	125709077242	合格
06-08	上课考勤	7	曹酒穿	948959880054	合格
06-08	上课考勤	8	窦真	104261709702	合格
06-08	上课考勤	9	杨喊约	778758756317	合格
06-08	上课考勤	10	邵夫花	730670315407	合格
06-08	上课考勤	11	祝呀	017849139295	合格
06-08	上课考勤	12	元罗	189254075309	合格
06-08	上课考勤	13	尤皮	131569197325	合格
06-08	上课考勤	14	余恐蒙	464998120912	合格
06-08	上课考勤	15	昌压	168905267499	合格
06-08	上课考勤	16	戴什	245204363252	合格
06-08	上课考勤	17	冯一	496458499121	合格
06-08	上课考勤	18	郝取	569163390173	合格
06-08	上课考勤	1	计母士	708103909575	合格
06-08	上课考勤	2	唐跟运	379498375928	合格
06-08	上课考勤	3	项需	393394295894	合格
06-08	上课考勤	4	穆便勒	549431063775	合格
06-08	上课考勤	5	滕塞	633207669223	合格
06-08	上课考勤	6	穆巨著	125709077242	合格
06-08	上课考勤	7	曹酒穿	948959880054	合格
06-08	上课考勤	8	窦真	104261709702	没来
06-08	上课考勤	9	杨喊约	778758756317	合格
06-08	上课考勤	10	邵夫花	730670315407	合格
06-08	上课考勤	11	祝呀	017849139295	合格
06-08	上课考勤	12	元罗	189254075309	合格
06-08	上课考勤	13	尤皮	131569197325	合格
06-08	上课考勤	14	余恐蒙	464998120912	合格
06-08	上课考勤	15	昌压	168905267499	合格
06-08	上课考勤	16	戴什	245204363252	合格
06-08	上课考勤	17	冯一	496458499121	合格
06-08	上课考勤	18	郝取	569163390173	合格
06-08	上课考勤	19	酆完	280585666517	合格
06-08	课堂提问	15	昌压	168905267499	合格
06-08	课堂提问	5	滕塞	633207669223	合格
06-08	课堂提问	12	元罗	189254075309	合格
06-08	课堂提问	3	项需	393394295894	合格
06-08	上课考勤	1	计母士	708103909575	合格
06-08	上课考勤	2	唐跟运	379498375928	合格
06-08	上课考勤	3	项需	393394295894	合格
06-08	上课考勤	4	穆便勒	549431063775	合格
06-08	上课考勤	5	滕塞	633207669223	合格
06-08	上课考勤	1	计母士	708103909575	合格
06-08	上课考勤	2	唐跟运	379498375928	合格
06-08	上课考勤	3	项需	393394295894	合格
06-08	上课考勤	1	计母士	708103909575	合格
06-08	上课考勤	2	唐跟运	379498375928	合格
06-08	上课考勤	1	计母士	708103909575	合格
06-08	上课考勤	2	唐跟运	379498375928	合格
06-08	上课考勤	3	项需	393394295894	合格
06-08	上课考勤	1	计母士	708103909575	合格
06-08	上课考勤	1	计母士	708103909575	合格
06-08	上课考勤	2	唐跟运	379498375928	合格
06-08	上课考勤	3	项需	393394295894	合格
06-08	上课考勤	4	穆便勒	549431063775	合格
06-08	上课考勤	5	滕塞	633207669223	合格
06-08	上课考勤	6	穆巨著	125709077242	合格
